<?xml version="1.0" encoding="UTF-8"?>
<!-- Generated by org.testng.reporters.JUnitXMLReporter -->
<testsuite ignored="0" hostname="Sameer" failures="1" tests="5" name="Test" time="54.838" errors="0" timestamp="2024-03-29T21:02:42 IST">
  <testcase classname="io.cucumber.testng.AbstractTestNGCucumberTests" name="runScenario" time="12.96"/>
  <testcase classname="io.cucumber.testng.AbstractTestNGCucumberTests" name="runScenario" time="11.528"/>
  <testcase classname="io.cucumber.testng.AbstractTestNGCucumberTests" name="runScenario" time="11.206"/>
  <testcase classname="io.cucumber.testng.AbstractTestNGCucumberTests" name="runScenario" time="11.559">
    <failure type="java.lang.AssertionError" message="expected [ssss] but found []">
      <![CDATA[java.lang.AssertionError: expected [ssss] but found []
at com.luma.stepdefinition.A0_lumaLoginStepDefinition.loggedMsg(A0_lumaLoginStepDefinition.java:51)
at âœ½.getValidCredentialMsg(file:///D:/01%20Sameer/01%20Java/01%20Project/ssWorkspace/Z85_LUMA/src/test/resources/Features/Login.feature:19)
... Removed 6 stack frames]]>
    </failure>
  </testcase> <!-- runScenario -->
  <testcase classname="io.cucumber.testng.AbstractTestNGCucumberTests" name="runScenario" time="7.203"/>
</testsuite> <!-- Test -->
